<?xml version="1.0" encoding="UTF-8"?>
<!-- Generated by org.testng.reporters.JUnitReportReporter -->
<testsuite hostname="M-R9TG5ZK" name="com.onlineshopping.testcases.DummyTestA" tests="3" failures="0" timestamp="1 Dec 2017 13:56:26 GMT" time="0.045" errors="0">
  <testcase name="testA1" time="0.038" classname="com.onlineshopping.testcases.DummyTestA"/>
  <testcase name="testA2" time="0.004" classname="com.onlineshopping.testcases.DummyTestA"/>
  <testcase name="testA3" time="0.003" classname="com.onlineshopping.testcases.DummyTestA"/>
</testsuite> <!-- com.onlineshopping.testcases.DummyTestA -->
